# JRE version: Java(TM) SE Runtime Environment (8.0_111-b14) (build 1.8.0_111-b14)
# Java VM: Java HotSpot(TM) 64-Bit Server VM (25.111-b14 mixed mode windows-amd64 compressed oops)
Heap:
 PSYoungGen      total 39936K, used 33596K [0x00000000eb100000, 0x00000000ee480000, 0x0000000100000000)
  eden space 38400K, 83% used [0x00000000eb100000,0x00000000ed06b230,0x00000000ed680000)
  from space 1536K, 92% used [0x00000000ed780000,0x00000000ed8e4010,0x00000000ed900000)
  to   space 7168K, 0% used [0x00000000edd80000,0x00000000edd80000,0x00000000ee480000)
 ParOldGen       total 38400K, used 12463K [0x00000000c1200000, 0x00000000c3780000, 0x00000000eb100000)
  object space 38400K, 32% used [0x00000000c1200000,0x00000000c1e2bd38,0x00000000c3780000)
 Metaspace       used 25009K, capacity 25670K, committed 25856K, reserved 1071104K
  class space    used 3150K, capacity 3314K, committed 3328K, reserved 1048576K
GC Heap History (10 events):
Event: 41.570 GC heap before
{Heap before GC invocations=26 (full 1):
 PSYoungGen      total 51200K, used 44706K [0x00000000eb100000, 0x00000000eeb80000, 0x0000000100000000)
  eden space 43520K, 98% used [0x00000000eb100000,0x00000000edae4878,0x00000000edb80000)
  from space 7680K, 23% used [0x00000000ee400000,0x00000000ee5c4020,0x00000000eeb80000)
  to   space 8192K, 0% used [0x00000000edb80000,0x00000000edb80000,0x00000000ee380000)
 ParOldGen       total 38400K, used 11951K [0x00000000c1200000, 0x00000000c3780000, 0x00000000eb100000)
  object space 38400K, 31% used [0x00000000c1200000,0x00000000c1dabd08,0x00000000c3780000)
 Metaspace       used 24749K, capacity 25392K, committed 25600K, reserved 1071104K
  class space    used 3134K, capacity 3311K, committed 3328K, reserved 1048576K
Event: 41.572 GC heap after
Heap after GC invocations=26 (full 1):
 PSYoungGen      total 45568K, used 3024K [0x00000000eb100000, 0x00000000ee980000, 0x0000000100000000)
  eden space 42496K, 0% used [0x00000000eb100000,0x00000000eb100000,0x00000000eda80000)
  from space 3072K, 98% used [0x00000000edb80000,0x00000000ede74040,0x00000000ede80000)
  to   space 7680K, 0% used [0x00000000ee200000,0x00000000ee200000,0x00000000ee980000)
 ParOldGen       total 38400K, used 11975K [0x00000000c1200000, 0x00000000c3780000, 0x00000000eb100000)
  object space 38400K, 31% used [0x00000000c1200000,0x00000000c1db1d08,0x00000000c3780000)
 Metaspace       used 24749K, capacity 25392K, committed 25600K, reserved 1071104K
  class space    used 3134K, capacity 3311K, committed 3328K, reserved 1048576K
}
Event: 43.043 GC heap before
{Heap before GC invocations=27 (full 1):
 PSYoungGen      total 45568K, used 44814K [0x00000000eb100000, 0x00000000ee980000, 0x0000000100000000)
  eden space 42496K, 98% used [0x00000000eb100000,0x00000000ed9cfad8,0x00000000eda80000)
  from space 3072K, 98% used [0x00000000edb80000,0x00000000ede74040,0x00000000ede80000)
  to   space 7680K, 0% used [0x00000000ee200000,0x00000000ee200000,0x00000000ee980000)
 ParOldGen       total 38400K, used 11975K [0x00000000c1200000, 0x00000000c3780000, 0x00000000eb100000)
  object space 38400K, 31% used [0x00000000c1200000,0x00000000c1db1d08,0x00000000c3780000)
 Metaspace       used 24772K, capacity 25392K, committed 25600K, reserved 1071104K
  class space    used 3134K, capacity 3311K, committed 3328K, reserved 1048576K
Event: 43.046 GC heap after
Heap after GC invocations=27 (full 1):
 PSYoungGen      total 48128K, used 2976K [0x00000000eb100000, 0x00000000ee880000, 0x0000000100000000)
  eden space 41472K, 0% used [0x00000000eb100000,0x00000000eb100000,0x00000000ed980000)
  from space 6656K, 44% used [0x00000000ee200000,0x00000000ee4e8030,0x00000000ee880000)
  to   space 7680K, 0% used [0x00000000ed980000,0x00000000ed980000,0x00000000ee100000)
 ParOldGen       total 38400K, used 11991K [0x00000000c1200000, 0x00000000c3780000, 0x00000000eb100000)
  object space 38400K, 31% used [0x00000000c1200000,0x00000000c1db5d08,0x00000000c3780000)
 Metaspace       used 24772K, capacity 25392K, committed 25600K, reserved 1071104K
  class space    used 3134K, capacity 3311K, committed 3328K, reserved 1048576K
}
Event: 44.413 GC heap before
{Heap before GC invocations=28 (full 1):
 PSYoungGen      total 48128K, used 43554K [0x00000000eb100000, 0x00000000ee880000, 0x0000000100000000)
  eden space 41472K, 97% used [0x00000000eb100000,0x00000000ed8a0a40,0x00000000ed980000)
  from space 6656K, 44% used [0x00000000ee200000,0x00000000ee4e8030,0x00000000ee880000)
  to   space 7680K, 0% used [0x00000000ed980000,0x00000000ed980000,0x00000000ee100000)
 ParOldGen       total 38400K, used 11991K [0x00000000c1200000, 0x00000000c3780000, 0x00000000eb100000)
  object space 38400K, 31% used [0x00000000c1200000,0x00000000c1db5d08,0x00000000c3780000)
 Metaspace       used 24791K, capacity 25456K, committed 25600K, reserved 1071104K
  class space    used 3134K, capacity 3311K, committed 3328K, reserved 1048576K
Event: 44.415 GC heap after
Heap after GC invocations=28 (full 1):
 PSYoungGen      total 42496K, used 1808K [0x00000000eb100000, 0x00000000ee780000, 0x0000000100000000)
  eden space 40448K, 0% used [0x00000000eb100000,0x00000000eb100000,0x00000000ed880000)
  from space 2048K, 88% used [0x00000000ed980000,0x00000000edb44020,0x00000000edb80000)
  to   space 7680K, 0% used [0x00000000ee000000,0x00000000ee000000,0x00000000ee780000)
 ParOldGen       total 38400K, used 12015K [0x00000000c1200000, 0x00000000c3780000, 0x00000000eb100000)
  object space 38400K, 31% used [0x00000000c1200000,0x00000000c1dbbd08,0x00000000c3780000)
 Metaspace       used 24791K, capacity 25456K, committed 25600K, reserved 1071104K
  class space    used 3134K, capacity 3311K, committed 3328K, reserved 1048576K
}
Event: 45.737 GC heap before
{Heap before GC invocations=29 (full 1):
 PSYoungGen      total 42496K, used 41486K [0x00000000eb100000, 0x00000000ee780000, 0x0000000100000000)
  eden space 40448K, 98% used [0x00000000eb100000,0x00000000ed7bf868,0x00000000ed880000)
  from space 2048K, 88% used [0x00000000ed980000,0x00000000edb44020,0x00000000edb80000)
  to   space 7680K, 0% used [0x00000000ee000000,0x00000000ee000000,0x00000000ee780000)
 ParOldGen       total 38400K, used 12015K [0x00000000c1200000, 0x00000000c3780000, 0x00000000eb100000)
  object space 38400K, 31% used [0x00000000c1200000,0x00000000c1dbbd08,0x00000000c3780000)
 Metaspace       used 24921K, capacity 25602K, committed 25856K, reserved 1071104K
  class space    used 3150K, capacity 3314K, committed 3328K, reserved 1048576K
Event: 45.739 GC heap after
Heap after GC invocations=29 (full 1):
 PSYoungGen      total 45056K, used 1856K [0x00000000eb100000, 0x00000000ee580000, 0x0000000100000000)
  eden space 39424K, 0% used [0x00000000eb100000,0x00000000eb100000,0x00000000ed780000)
  from space 5632K, 32% used [0x00000000ee000000,0x00000000ee1d0030,0x00000000ee580000)
  to   space 7168K, 0% used [0x00000000ed780000,0x00000000ed780000,0x00000000ede80000)
 ParOldGen       total 38400K, used 12023K [0x00000000c1200000, 0x00000000c3780000, 0x00000000eb100000)
  object space 38400K, 31% used [0x00000000c1200000,0x00000000c1dbdd08,0x00000000c3780000)
 Metaspace       used 24921K, capacity 25602K, committed 25856K, reserved 1071104K
  class space    used 3150K, capacity 3314K, committed 3328K, reserved 1048576K
}
Event: 47.082 GC heap before
{Heap before GC invocations=30 (full 1):
 PSYoungGen      total 45056K, used 41233K [0x00000000eb100000, 0x00000000ee580000, 0x0000000100000000)
  eden space 39424K, 99% used [0x00000000eb100000,0x00000000ed7744c8,0x00000000ed780000)
  from space 5632K, 32% used [0x00000000ee000000,0x00000000ee1d0030,0x00000000ee580000)
  to   space 7168K, 0% used [0x00000000ed780000,0x00000000ed780000,0x00000000ede80000)
 ParOldGen       total 38400K, used 12023K [0x00000000c1200000, 0x00000000c3780000, 0x00000000eb100000)
  object space 38400K, 31% used [0x00000000c1200000,0x00000000c1dbdd08,0x00000000c3780000)
 Metaspace       used 24988K, capacity 25670K, committed 25856K, reserved 1071104K
  class space    used 3150K, capacity 3314K, committed 3328K, reserved 1048576K
Event: 47.084 GC heap after
Heap after GC invocations=30 (full 1):
 PSYoungGen      total 39936K, used 1424K [0x00000000eb100000, 0x00000000ee480000, 0x0000000100000000)
  eden space 38400K, 0% used [0x00000000eb100000,0x00000000eb100000,0x00000000ed680000)
  from space 1536K, 92% used [0x00000000ed780000,0x00000000ed8e4010,0x00000000ed900000)
  to   space 7168K, 0% used [0x00000000edd80000,0x00000000edd80000,0x00000000ee480000)
 ParOldGen       total 38400K, used 12463K [0x00000000c1200000, 0x00000000c3780000, 0x00000000eb100000)
  object space 38400K, 32% used [0x00000000c1200000,0x00000000c1e2bd38,0x00000000c3780000)
 Metaspace       used 24988K, capacity 25670K, committed 25856K, reserved 1071104K
  class space    used 3150K, capacity 3314K, committed 3328K, reserved 1048576K
}

