# JRE version: Java(TM) SE Runtime Environment (8.0_111-b14) (build 1.8.0_111-b14)
# Java VM: Java HotSpot(TM) 64-Bit Server VM (25.111-b14 mixed mode windows-amd64 compressed oops)
Heap:
 PSYoungGen      total 23040K, used 21107K [0x00000000eb100000, 0x00000000eca00000, 0x0000000100000000)
  eden space 20480K, 96% used [0x00000000eb100000,0x00000000ec448ed0,0x00000000ec500000)
  from space 2560K, 53% used [0x00000000ec500000,0x00000000ec654010,0x00000000ec780000)
  to   space 2560K, 0% used [0x00000000ec780000,0x00000000ec780000,0x00000000eca00000)
 ParOldGen       total 36864K, used 22623K [0x00000000c1200000, 0x00000000c3600000, 0x00000000eb100000)
  object space 36864K, 61% used [0x00000000c1200000,0x00000000c2817ff0,0x00000000c3600000)
 Metaspace       used 24298K, capacity 24948K, committed 25344K, reserved 1071104K
  class space    used 3074K, capacity 3243K, committed 3328K, reserved 1048576K
GC Heap History (10 events):
Event: 47.806 GC heap before
{Heap before GC invocations=70 (full 1):
 PSYoungGen      total 23040K, used 21031K [0x00000000eb100000, 0x00000000eca00000, 0x0000000100000000)
  eden space 20480K, 96% used [0x00000000eb100000,0x00000000ec435dc0,0x00000000ec500000)
  from space 2560K, 53% used [0x00000000ec780000,0x00000000ec8d4010,0x00000000eca00000)
  to   space 2560K, 0% used [0x00000000ec500000,0x00000000ec500000,0x00000000ec780000)
 ParOldGen       total 36864K, used 22599K [0x00000000c1200000, 0x00000000c3600000, 0x00000000eb100000)
  object space 36864K, 61% used [0x00000000c1200000,0x00000000c2811ff0,0x00000000c3600000)
 Metaspace       used 24276K, capacity 24944K, committed 25344K, reserved 1071104K
  class space    used 3073K, capacity 3243K, committed 3328K, reserved 1048576K
Event: 47.807 GC heap after
Heap after GC invocations=70 (full 1):
 PSYoungGen      total 23040K, used 1360K [0x00000000eb100000, 0x00000000eca00000, 0x0000000100000000)
  eden space 20480K, 0% used [0x00000000eb100000,0x00000000eb100000,0x00000000ec500000)
  from space 2560K, 53% used [0x00000000ec500000,0x00000000ec654010,0x00000000ec780000)
  to   space 2560K, 0% used [0x00000000ec780000,0x00000000ec780000,0x00000000eca00000)
 ParOldGen       total 36864K, used 22599K [0x00000000c1200000, 0x00000000c3600000, 0x00000000eb100000)
  object space 36864K, 61% used [0x00000000c1200000,0x00000000c2811ff0,0x00000000c3600000)
 Metaspace       used 24276K, capacity 24944K, committed 25344K, reserved 1071104K
  class space    used 3073K, capacity 3243K, committed 3328K, reserved 1048576K
}
Event: 48.168 GC heap before
{Heap before GC invocations=71 (full 1):
 PSYoungGen      total 23040K, used 21055K [0x00000000eb100000, 0x00000000eca00000, 0x0000000100000000)
  eden space 20480K, 96% used [0x00000000eb100000,0x00000000ec43be90,0x00000000ec500000)
  from space 2560K, 53% used [0x00000000ec500000,0x00000000ec654010,0x00000000ec780000)
  to   space 2560K, 0% used [0x00000000ec780000,0x00000000ec780000,0x00000000eca00000)
 ParOldGen       total 36864K, used 22599K [0x00000000c1200000, 0x00000000c3600000, 0x00000000eb100000)
  object space 36864K, 61% used [0x00000000c1200000,0x00000000c2811ff0,0x00000000c3600000)
 Metaspace       used 24284K, capacity 24944K, committed 25344K, reserved 1071104K
  class space    used 3073K, capacity 3243K, committed 3328K, reserved 1048576K
Event: 48.170 GC heap after
Heap after GC invocations=71 (full 1):
 PSYoungGen      total 23040K, used 1360K [0x00000000eb100000, 0x00000000eca00000, 0x0000000100000000)
  eden space 20480K, 0% used [0x00000000eb100000,0x00000000eb100000,0x00000000ec500000)
  from space 2560K, 53% used [0x00000000ec780000,0x00000000ec8d4010,0x00000000eca00000)
  to   space 2560K, 0% used [0x00000000ec500000,0x00000000ec500000,0x00000000ec780000)
 ParOldGen       total 36864K, used 22599K [0x00000000c1200000, 0x00000000c3600000, 0x00000000eb100000)
  object space 36864K, 61% used [0x00000000c1200000,0x00000000c2811ff0,0x00000000c3600000)
 Metaspace       used 24284K, capacity 24944K, committed 25344K, reserved 1071104K
  class space    used 3073K, capacity 3243K, committed 3328K, reserved 1048576K
}
Event: 48.551 GC heap before
{Heap before GC invocations=72 (full 1):
 PSYoungGen      total 23040K, used 21025K [0x00000000eb100000, 0x00000000eca00000, 0x0000000100000000)
  eden space 20480K, 96% used [0x00000000eb100000,0x00000000ec434460,0x00000000ec500000)
  from space 2560K, 53% used [0x00000000ec780000,0x00000000ec8d4010,0x00000000eca00000)
  to   space 2560K, 0% used [0x00000000ec500000,0x00000000ec500000,0x00000000ec780000)
 ParOldGen       total 36864K, used 22599K [0x00000000c1200000, 0x00000000c3600000, 0x00000000eb100000)
  object space 36864K, 61% used [0x00000000c1200000,0x00000000c2811ff0,0x00000000c3600000)
 Metaspace       used 24289K, capacity 24948K, committed 25344K, reserved 1071104K
  class space    used 3073K, capacity 3243K, committed 3328K, reserved 1048576K
Event: 48.553 GC heap after
Heap after GC invocations=72 (full 1):
 PSYoungGen      total 23040K, used 1360K [0x00000000eb100000, 0x00000000eca00000, 0x0000000100000000)
  eden space 20480K, 0% used [0x00000000eb100000,0x00000000eb100000,0x00000000ec500000)
  from space 2560K, 53% used [0x00000000ec500000,0x00000000ec654010,0x00000000ec780000)
  to   space 2560K, 0% used [0x00000000ec780000,0x00000000ec780000,0x00000000eca00000)
 ParOldGen       total 36864K, used 22607K [0x00000000c1200000, 0x00000000c3600000, 0x00000000eb100000)
  object space 36864K, 61% used [0x00000000c1200000,0x00000000c2813ff0,0x00000000c3600000)
 Metaspace       used 24289K, capacity 24948K, committed 25344K, reserved 1071104K
  class space    used 3073K, capacity 3243K, committed 3328K, reserved 1048576K
}
Event: 48.936 GC heap before
{Heap before GC invocations=73 (full 1):
 PSYoungGen      total 23040K, used 21027K [0x00000000eb100000, 0x00000000eca00000, 0x0000000100000000)
  eden space 20480K, 96% used [0x00000000eb100000,0x00000000ec434ed8,0x00000000ec500000)
  from space 2560K, 53% used [0x00000000ec500000,0x00000000ec654010,0x00000000ec780000)
  to   space 2560K, 0% used [0x00000000ec780000,0x00000000ec780000,0x00000000eca00000)
 ParOldGen       total 36864K, used 22607K [0x00000000c1200000, 0x00000000c3600000, 0x00000000eb100000)
  object space 36864K, 61% used [0x00000000c1200000,0x00000000c2813ff0,0x00000000c3600000)
 Metaspace       used 24289K, capacity 24948K, committed 25344K, reserved 1071104K
  class space    used 3074K, capacity 3243K, committed 3328K, reserved 1048576K
Event: 48.937 GC heap after
Heap after GC invocations=73 (full 1):
 PSYoungGen      total 23040K, used 1360K [0x00000000eb100000, 0x00000000eca00000, 0x0000000100000000)
  eden space 20480K, 0% used [0x00000000eb100000,0x00000000eb100000,0x00000000ec500000)
  from space 2560K, 53% used [0x00000000ec780000,0x00000000ec8d4010,0x00000000eca00000)
  to   space 2560K, 0% used [0x00000000ec500000,0x00000000ec500000,0x00000000ec780000)
 ParOldGen       total 36864K, used 22615K [0x00000000c1200000, 0x00000000c3600000, 0x00000000eb100000)
  object space 36864K, 61% used [0x00000000c1200000,0x00000000c2815ff0,0x00000000c3600000)
 Metaspace       used 24289K, capacity 24948K, committed 25344K, reserved 1071104K
  class space    used 3074K, capacity 3243K, committed 3328K, reserved 1048576K
}
Event: 49.320 GC heap before
{Heap before GC invocations=74 (full 1):
 PSYoungGen      total 23040K, used 21017K [0x00000000eb100000, 0x00000000eca00000, 0x0000000100000000)
  eden space 20480K, 95% used [0x00000000eb100000,0x00000000ec432758,0x00000000ec500000)
  from space 2560K, 53% used [0x00000000ec780000,0x00000000ec8d4010,0x00000000eca00000)
  to   space 2560K, 0% used [0x00000000ec500000,0x00000000ec500000,0x00000000ec780000)
 ParOldGen       total 36864K, used 22615K [0x00000000c1200000, 0x00000000c3600000, 0x00000000eb100000)
  object space 36864K, 61% used [0x00000000c1200000,0x00000000c2815ff0,0x00000000c3600000)
 Metaspace       used 24294K, capacity 24948K, committed 25344K, reserved 1071104K
  class space    used 3074K, capacity 3243K, committed 3328K, reserved 1048576K
Event: 49.322 GC heap after
Heap after GC invocations=74 (full 1):
 PSYoungGen      total 23040K, used 1360K [0x00000000eb100000, 0x00000000eca00000, 0x0000000100000000)
  eden space 20480K, 0% used [0x00000000eb100000,0x00000000eb100000,0x00000000ec500000)
  from space 2560K, 53% used [0x00000000ec500000,0x00000000ec654010,0x00000000ec780000)
  to   space 2560K, 0% used [0x00000000ec780000,0x00000000ec780000,0x00000000eca00000)
 ParOldGen       total 36864K, used 22623K [0x00000000c1200000, 0x00000000c3600000, 0x00000000eb100000)
  object space 36864K, 61% used [0x00000000c1200000,0x00000000c2817ff0,0x00000000c3600000)
 Metaspace       used 24294K, capacity 24948K, committed 25344K, reserved 1071104K
  class space    used 3074K, capacity 3243K, committed 3328K, reserved 1048576K
}

