# JRE version: Java(TM) SE Runtime Environment (8.0_111-b14) (build 1.8.0_111-b14)
# Java VM: Java HotSpot(TM) 64-Bit Server VM (25.111-b14 mixed mode windows-amd64 compressed oops)
Heap:
 PSYoungGen      total 23040K, used 11691K [0x00000000eb100000, 0x00000000ece00000, 0x0000000100000000)
  eden space 16384K, 63% used [0x00000000eb100000,0x00000000ebb16fa8,0x00000000ec100000)
  from space 6656K, 20% used [0x00000000ec780000,0x00000000ec8d4010,0x00000000ece00000)
  to   space 6656K, 0% used [0x00000000ec100000,0x00000000ec100000,0x00000000ec780000)
 ParOldGen       total 31232K, used 16962K [0x00000000c1200000, 0x00000000c3080000, 0x00000000eb100000)
  object space 31232K, 54% used [0x00000000c1200000,0x00000000c2290a70,0x00000000c3080000)
 Metaspace       used 24105K, capacity 24830K, committed 25088K, reserved 1071104K
  class space    used 3070K, capacity 3244K, committed 3328K, reserved 1048576K
GC Heap History (10 events):
Event: 56.916 GC heap before
{Heap before GC invocations=63 (full 3):
 PSYoungGen      total 23040K, used 20875K [0x00000000eb100000, 0x00000000ecf00000, 0x0000000100000000)
  eden space 16384K, 97% used [0x00000000eb100000,0x00000000ec092d78,0x00000000ec100000)
  from space 6656K, 74% used [0x00000000ec100000,0x00000000ec5d0040,0x00000000ec780000)
  to   space 7168K, 0% used [0x00000000ec800000,0x00000000ec800000,0x00000000ecf00000)
 ParOldGen       total 31232K, used 16906K [0x00000000c1200000, 0x00000000c3080000, 0x00000000eb100000)
  object space 31232K, 54% used [0x00000000c1200000,0x00000000c2282a70,0x00000000c3080000)
 Metaspace       used 23995K, capacity 24660K, committed 24832K, reserved 1071104K
  class space    used 3054K, capacity 3209K, committed 3328K, reserved 1048576K
Event: 56.918 GC heap after
Heap after GC invocations=63 (full 3):
 PSYoungGen      total 23552K, used 1360K [0x00000000eb100000, 0x00000000ecf00000, 0x0000000100000000)
  eden space 16384K, 0% used [0x00000000eb100000,0x00000000eb100000,0x00000000ec100000)
  from space 7168K, 18% used [0x00000000ec800000,0x00000000ec954010,0x00000000ecf00000)
  to   space 7168K, 0% used [0x00000000ec100000,0x00000000ec100000,0x00000000ec800000)
 ParOldGen       total 31232K, used 16930K [0x00000000c1200000, 0x00000000c3080000, 0x00000000eb100000)
  object space 31232K, 54% used [0x00000000c1200000,0x00000000c2288a70,0x00000000c3080000)
 Metaspace       used 23995K, capacity 24660K, committed 24832K, reserved 1071104K
  class space    used 3054K, capacity 3209K, committed 3328K, reserved 1048576K
}
Event: 57.412 GC heap before
{Heap before GC invocations=64 (full 3):
 PSYoungGen      total 23552K, used 17305K [0x00000000eb100000, 0x00000000ecf00000, 0x0000000100000000)
  eden space 16384K, 97% used [0x00000000eb100000,0x00000000ec092590,0x00000000ec100000)
  from space 7168K, 18% used [0x00000000ec800000,0x00000000ec954010,0x00000000ecf00000)
  to   space 7168K, 0% used [0x00000000ec100000,0x00000000ec100000,0x00000000ec800000)
 ParOldGen       total 31232K, used 16930K [0x00000000c1200000, 0x00000000c3080000, 0x00000000eb100000)
  object space 31232K, 54% used [0x00000000c1200000,0x00000000c2288a70,0x00000000c3080000)
 Metaspace       used 23995K, capacity 24660K, committed 24832K, reserved 1071104K
  class space    used 3054K, capacity 3209K, committed 3328K, reserved 1048576K
Event: 57.414 GC heap after
Heap after GC invocations=64 (full 3):
 PSYoungGen      total 23552K, used 3760K [0x00000000eb100000, 0x00000000ecf00000, 0x0000000100000000)
  eden space 16384K, 0% used [0x00000000eb100000,0x00000000eb100000,0x00000000ec100000)
  from space 7168K, 52% used [0x00000000ec100000,0x00000000ec4ac030,0x00000000ec800000)
  to   space 7168K, 0% used [0x00000000ec800000,0x00000000ec800000,0x00000000ecf00000)
 ParOldGen       total 31232K, used 16938K [0x00000000c1200000, 0x00000000c3080000, 0x00000000eb100000)
  object space 31232K, 54% used [0x00000000c1200000,0x00000000c228aa70,0x00000000c3080000)
 Metaspace       used 23995K, capacity 24660K, committed 24832K, reserved 1071104K
  class space    used 3054K, capacity 3209K, committed 3328K, reserved 1048576K
}
Event: 58.004 GC heap before
{Heap before GC invocations=65 (full 3):
 PSYoungGen      total 23552K, used 19707K [0x00000000eb100000, 0x00000000ecf00000, 0x0000000100000000)
  eden space 16384K, 97% used [0x00000000eb100000,0x00000000ec092f00,0x00000000ec100000)
  from space 7168K, 52% used [0x00000000ec100000,0x00000000ec4ac030,0x00000000ec800000)
  to   space 7168K, 0% used [0x00000000ec800000,0x00000000ec800000,0x00000000ecf00000)
 ParOldGen       total 31232K, used 16938K [0x00000000c1200000, 0x00000000c3080000, 0x00000000eb100000)
  object space 31232K, 54% used [0x00000000c1200000,0x00000000c228aa70,0x00000000c3080000)
 Metaspace       used 23995K, capacity 24660K, committed 24832K, reserved 1071104K
  class space    used 3054K, capacity 3209K, committed 3328K, reserved 1048576K
Event: 58.006 GC heap after
Heap after GC invocations=65 (full 3):
 PSYoungGen      total 22528K, used 1360K [0x00000000eb100000, 0x00000000ece00000, 0x0000000100000000)
  eden space 16384K, 0% used [0x00000000eb100000,0x00000000eb100000,0x00000000ec100000)
  from space 6144K, 22% used [0x00000000ec800000,0x00000000ec954010,0x00000000ece00000)
  to   space 6656K, 0% used [0x00000000ec100000,0x00000000ec100000,0x00000000ec780000)
 ParOldGen       total 31232K, used 16946K [0x00000000c1200000, 0x00000000c3080000, 0x00000000eb100000)
  object space 31232K, 54% used [0x00000000c1200000,0x00000000c228ca70,0x00000000c3080000)
 Metaspace       used 23995K, capacity 24660K, committed 24832K, reserved 1071104K
  class space    used 3054K, capacity 3209K, committed 3328K, reserved 1048576K
}
Event: 58.503 GC heap before
{Heap before GC invocations=66 (full 3):
 PSYoungGen      total 22528K, used 17334K [0x00000000eb100000, 0x00000000ece00000, 0x0000000100000000)
  eden space 16384K, 97% used [0x00000000eb100000,0x00000000ec099b38,0x00000000ec100000)
  from space 6144K, 22% used [0x00000000ec800000,0x00000000ec954010,0x00000000ece00000)
  to   space 6656K, 0% used [0x00000000ec100000,0x00000000ec100000,0x00000000ec780000)
 ParOldGen       total 31232K, used 16946K [0x00000000c1200000, 0x00000000c3080000, 0x00000000eb100000)
  object space 31232K, 54% used [0x00000000c1200000,0x00000000c228ca70,0x00000000c3080000)
 Metaspace       used 23997K, capacity 24660K, committed 24832K, reserved 1071104K
  class space    used 3054K, capacity 3209K, committed 3328K, reserved 1048576K
Event: 58.505 GC heap after
Heap after GC invocations=66 (full 3):
 PSYoungGen      total 23040K, used 3760K [0x00000000eb100000, 0x00000000ece00000, 0x0000000100000000)
  eden space 16384K, 0% used [0x00000000eb100000,0x00000000eb100000,0x00000000ec100000)
  from space 6656K, 56% used [0x00000000ec100000,0x00000000ec4ac030,0x00000000ec780000)
  to   space 6656K, 0% used [0x00000000ec780000,0x00000000ec780000,0x00000000ece00000)
 ParOldGen       total 31232K, used 16954K [0x00000000c1200000, 0x00000000c3080000, 0x00000000eb100000)
  object space 31232K, 54% used [0x00000000c1200000,0x00000000c228ea70,0x00000000c3080000)
 Metaspace       used 23997K, capacity 24660K, committed 24832K, reserved 1071104K
  class space    used 3054K, capacity 3209K, committed 3328K, reserved 1048576K
}
Event: 59.096 GC heap before
{Heap before GC invocations=67 (full 3):
 PSYoungGen      total 23040K, used 19713K [0x00000000eb100000, 0x00000000ece00000, 0x0000000100000000)
  eden space 16384K, 97% used [0x00000000eb100000,0x00000000ec094558,0x00000000ec100000)
  from space 6656K, 56% used [0x00000000ec100000,0x00000000ec4ac030,0x00000000ec780000)
  to   space 6656K, 0% used [0x00000000ec780000,0x00000000ec780000,0x00000000ece00000)
 ParOldGen       total 31232K, used 16954K [0x00000000c1200000, 0x00000000c3080000, 0x00000000eb100000)
  object space 31232K, 54% used [0x00000000c1200000,0x00000000c228ea70,0x00000000c3080000)
 Metaspace       used 23997K, capacity 24660K, committed 24832K, reserved 1071104K
  class space    used 3054K, capacity 3209K, committed 3328K, reserved 1048576K
Event: 59.097 GC heap after
Heap after GC invocations=67 (full 3):
 PSYoungGen      total 23040K, used 1360K [0x00000000eb100000, 0x00000000ece00000, 0x0000000100000000)
  eden space 16384K, 0% used [0x00000000eb100000,0x00000000eb100000,0x00000000ec100000)
  from space 6656K, 20% used [0x00000000ec780000,0x00000000ec8d4010,0x00000000ece00000)
  to   space 6656K, 0% used [0x00000000ec100000,0x00000000ec100000,0x00000000ec780000)
 ParOldGen       total 31232K, used 16962K [0x00000000c1200000, 0x00000000c3080000, 0x00000000eb100000)
  object space 31232K, 54% used [0x00000000c1200000,0x00000000c2290a70,0x00000000c3080000)
 Metaspace       used 23997K, capacity 24660K, committed 24832K, reserved 1071104K
  class space    used 3054K, capacity 3209K, committed 3328K, reserved 1048576K
}

