# JRE version: Java(TM) SE Runtime Environment (8.0_111-b14) (build 1.8.0_111-b14)
# Java VM: Java HotSpot(TM) 64-Bit Server VM (25.111-b14 mixed mode windows-amd64 compressed oops)
Heap:
 PSYoungGen      total 22016K, used 9037K [0x00000000eb100000, 0x00000000ec800000, 0x0000000100000000)
  eden space 20480K, 37% used [0x00000000eb100000,0x00000000eb87f480,0x00000000ec500000)
  from space 1536K, 88% used [0x00000000ec500000,0x00000000ec654010,0x00000000ec680000)
  to   space 1536K, 0% used [0x00000000ec680000,0x00000000ec680000,0x00000000ec800000)
 ParOldGen       total 38400K, used 27366K [0x00000000c1200000, 0x00000000c3780000, 0x00000000eb100000)
  object space 38400K, 71% used [0x00000000c1200000,0x00000000c2cb9838,0x00000000c3780000)
 Metaspace       used 24060K, capacity 24758K, committed 25088K, reserved 1071104K
  class space    used 3043K, capacity 3242K, committed 3328K, reserved 1048576K
GC Heap History (10 events):
Event: 80.021 GC heap before
{Heap before GC invocations=146 (full 1):
 PSYoungGen      total 22016K, used 21144K [0x00000000eb100000, 0x00000000ec800000, 0x0000000100000000)
  eden space 20480K, 96% used [0x00000000eb100000,0x00000000ec4520b0,0x00000000ec500000)
  from space 1536K, 88% used [0x00000000ec680000,0x00000000ec7d4010,0x00000000ec800000)
  to   space 1536K, 0% used [0x00000000ec500000,0x00000000ec500000,0x00000000ec680000)
 ParOldGen       total 38400K, used 26142K [0x00000000c1200000, 0x00000000c3780000, 0x00000000eb100000)
  object space 38400K, 68% used [0x00000000c1200000,0x00000000c2b87828,0x00000000c3780000)
 Metaspace       used 23958K, capacity 24652K, committed 24832K, reserved 1071104K
  class space    used 3029K, capacity 3209K, committed 3328K, reserved 1048576K
Event: 80.023 GC heap after
Heap after GC invocations=146 (full 1):
 PSYoungGen      total 22016K, used 1360K [0x00000000eb100000, 0x00000000ec800000, 0x0000000100000000)
  eden space 20480K, 0% used [0x00000000eb100000,0x00000000eb100000,0x00000000ec500000)
  from space 1536K, 88% used [0x00000000ec500000,0x00000000ec654010,0x00000000ec680000)
  to   space 1536K, 0% used [0x00000000ec680000,0x00000000ec680000,0x00000000ec800000)
 ParOldGen       total 38400K, used 27350K [0x00000000c1200000, 0x00000000c3780000, 0x00000000eb100000)
  object space 38400K, 71% used [0x00000000c1200000,0x00000000c2cb5838,0x00000000c3780000)
 Metaspace       used 23958K, capacity 24652K, committed 24832K, reserved 1071104K
  class space    used 3029K, capacity 3209K, committed 3328K, reserved 1048576K
}
Event: 80.404 GC heap before
{Heap before GC invocations=147 (full 1):
 PSYoungGen      total 22016K, used 21209K [0x00000000eb100000, 0x00000000ec800000, 0x0000000100000000)
  eden space 20480K, 96% used [0x00000000eb100000,0x00000000ec4624c0,0x00000000ec500000)
  from space 1536K, 88% used [0x00000000ec500000,0x00000000ec654010,0x00000000ec680000)
  to   space 1536K, 0% used [0x00000000ec680000,0x00000000ec680000,0x00000000ec800000)
 ParOldGen       total 38400K, used 27350K [0x00000000c1200000, 0x00000000c3780000, 0x00000000eb100000)
  object space 38400K, 71% used [0x00000000c1200000,0x00000000c2cb5838,0x00000000c3780000)
 Metaspace       used 24039K, capacity 24758K, committed 25088K, reserved 1071104K
  class space    used 3042K, capacity 3242K, committed 3328K, reserved 1048576K
Event: 80.406 GC heap after
Heap after GC invocations=147 (full 1):
 PSYoungGen      total 22016K, used 1360K [0x00000000eb100000, 0x00000000ec800000, 0x0000000100000000)
  eden space 20480K, 0% used [0x00000000eb100000,0x00000000eb100000,0x00000000ec500000)
  from space 1536K, 88% used [0x00000000ec680000,0x00000000ec7d4010,0x00000000ec800000)
  to   space 1536K, 0% used [0x00000000ec500000,0x00000000ec500000,0x00000000ec680000)
 ParOldGen       total 38400K, used 27358K [0x00000000c1200000, 0x00000000c3780000, 0x00000000eb100000)
  object space 38400K, 71% used [0x00000000c1200000,0x00000000c2cb7838,0x00000000c3780000)
 Metaspace       used 24039K, capacity 24758K, committed 25088K, reserved 1071104K
  class space    used 3042K, capacity 3242K, committed 3328K, reserved 1048576K
}
Event: 80.789 GC heap before
{Heap before GC invocations=148 (full 1):
 PSYoungGen      total 22016K, used 21049K [0x00000000eb100000, 0x00000000ec800000, 0x0000000100000000)
  eden space 20480K, 96% used [0x00000000eb100000,0x00000000ec43a670,0x00000000ec500000)
  from space 1536K, 88% used [0x00000000ec680000,0x00000000ec7d4010,0x00000000ec800000)
  to   space 1536K, 0% used [0x00000000ec500000,0x00000000ec500000,0x00000000ec680000)
 ParOldGen       total 38400K, used 27358K [0x00000000c1200000, 0x00000000c3780000, 0x00000000eb100000)
  object space 38400K, 71% used [0x00000000c1200000,0x00000000c2cb7838,0x00000000c3780000)
 Metaspace       used 24047K, capacity 24758K, committed 25088K, reserved 1071104K
  class space    used 3042K, capacity 3242K, committed 3328K, reserved 1048576K
Event: 80.790 GC heap after
Heap after GC invocations=148 (full 1):
 PSYoungGen      total 22016K, used 1360K [0x00000000eb100000, 0x00000000ec800000, 0x0000000100000000)
  eden space 20480K, 0% used [0x00000000eb100000,0x00000000eb100000,0x00000000ec500000)
  from space 1536K, 88% used [0x00000000ec500000,0x00000000ec654010,0x00000000ec680000)
  to   space 1536K, 0% used [0x00000000ec680000,0x00000000ec680000,0x00000000ec800000)
 ParOldGen       total 38400K, used 27358K [0x00000000c1200000, 0x00000000c3780000, 0x00000000eb100000)
  object space 38400K, 71% used [0x00000000c1200000,0x00000000c2cb7838,0x00000000c3780000)
 Metaspace       used 24047K, capacity 24758K, committed 25088K, reserved 1071104K
  class space    used 3042K, capacity 3242K, committed 3328K, reserved 1048576K
}
Event: 81.172 GC heap before
{Heap before GC invocations=149 (full 1):
 PSYoungGen      total 22016K, used 21043K [0x00000000eb100000, 0x00000000ec800000, 0x0000000100000000)
  eden space 20480K, 96% used [0x00000000eb100000,0x00000000ec438df0,0x00000000ec500000)
  from space 1536K, 88% used [0x00000000ec500000,0x00000000ec654010,0x00000000ec680000)
  to   space 1536K, 0% used [0x00000000ec680000,0x00000000ec680000,0x00000000ec800000)
 ParOldGen       total 38400K, used 27358K [0x00000000c1200000, 0x00000000c3780000, 0x00000000eb100000)
  object space 38400K, 71% used [0x00000000c1200000,0x00000000c2cb7838,0x00000000c3780000)
 Metaspace       used 24055K, capacity 24758K, committed 25088K, reserved 1071104K
  class space    used 3043K, capacity 3242K, committed 3328K, reserved 1048576K
Event: 81.173 GC heap after
Heap after GC invocations=149 (full 1):
 PSYoungGen      total 22016K, used 1360K [0x00000000eb100000, 0x00000000ec800000, 0x0000000100000000)
  eden space 20480K, 0% used [0x00000000eb100000,0x00000000eb100000,0x00000000ec500000)
  from space 1536K, 88% used [0x00000000ec680000,0x00000000ec7d4010,0x00000000ec800000)
  to   space 1536K, 0% used [0x00000000ec500000,0x00000000ec500000,0x00000000ec680000)
 ParOldGen       total 38400K, used 27366K [0x00000000c1200000, 0x00000000c3780000, 0x00000000eb100000)
  object space 38400K, 71% used [0x00000000c1200000,0x00000000c2cb9838,0x00000000c3780000)
 Metaspace       used 24055K, capacity 24758K, committed 25088K, reserved 1071104K
  class space    used 3043K, capacity 3242K, committed 3328K, reserved 1048576K
}
Event: 81.562 GC heap before
{Heap before GC invocations=150 (full 1):
 PSYoungGen      total 22016K, used 21056K [0x00000000eb100000, 0x00000000ec800000, 0x0000000100000000)
  eden space 20480K, 96% used [0x00000000eb100000,0x00000000ec43c080,0x00000000ec500000)
  from space 1536K, 88% used [0x00000000ec680000,0x00000000ec7d4010,0x00000000ec800000)
  to   space 1536K, 0% used [0x00000000ec500000,0x00000000ec500000,0x00000000ec680000)
 ParOldGen       total 38400K, used 27366K [0x00000000c1200000, 0x00000000c3780000, 0x00000000eb100000)
  object space 38400K, 71% used [0x00000000c1200000,0x00000000c2cb9838,0x00000000c3780000)
 Metaspace       used 24059K, capacity 24758K, committed 25088K, reserved 1071104K
  class space    used 3043K, capacity 3242K, committed 3328K, reserved 1048576K
Event: 81.563 GC heap after
Heap after GC invocations=150 (full 1):
 PSYoungGen      total 22016K, used 1360K [0x00000000eb100000, 0x00000000ec800000, 0x0000000100000000)
  eden space 20480K, 0% used [0x00000000eb100000,0x00000000eb100000,0x00000000ec500000)
  from space 1536K, 88% used [0x00000000ec500000,0x00000000ec654010,0x00000000ec680000)
  to   space 1536K, 0% used [0x00000000ec680000,0x00000000ec680000,0x00000000ec800000)
 ParOldGen       total 38400K, used 27366K [0x00000000c1200000, 0x00000000c3780000, 0x00000000eb100000)
  object space 38400K, 71% used [0x00000000c1200000,0x00000000c2cb9838,0x00000000c3780000)
 Metaspace       used 24059K, capacity 24758K, committed 25088K, reserved 1071104K
  class space    used 3043K, capacity 3242K, committed 3328K, reserved 1048576K
}

