# JRE version: Java(TM) SE Runtime Environment (8.0_111-b14) (build 1.8.0_111-b14)
# Java VM: Java HotSpot(TM) 64-Bit Server VM (25.111-b14 mixed mode windows-amd64 compressed oops)
Heap:
 PSYoungGen      total 18944K, used 5277K [0x00000000eb100000, 0x00000000ec980000, 0x0000000100000000)
  eden space 12800K, 11% used [0x00000000eb100000,0x00000000eb27b510,0x00000000ebd80000)
  from space 6144K, 61% used [0x00000000ebd80000,0x00000000ec12c030,0x00000000ec380000)
  to   space 6144K, 0% used [0x00000000ec380000,0x00000000ec380000,0x00000000ec980000)
 ParOldGen       total 31232K, used 14711K [0x00000000c1200000, 0x00000000c3080000, 0x00000000eb100000)
  object space 31232K, 47% used [0x00000000c1200000,0x00000000c205dfc8,0x00000000c3080000)
 Metaspace       used 23989K, capacity 24664K, committed 24832K, reserved 1071104K
  class space    used 3041K, capacity 3241K, committed 3328K, reserved 1048576K
GC Heap History (10 events):
Event: 83.349 GC heap before
{Heap before GC invocations=136 (full 1):
 PSYoungGen      total 19456K, used 16071K [0x00000000eb100000, 0x00000000eca00000, 0x0000000100000000)
  eden space 13312K, 92% used [0x00000000eb100000,0x00000000ebd05cc8,0x00000000ebe00000)
  from space 6144K, 61% used [0x00000000ec400000,0x00000000ec7ac030,0x00000000eca00000)
  to   space 6144K, 0% used [0x00000000ebe00000,0x00000000ebe00000,0x00000000ec400000)
 ParOldGen       total 31232K, used 14687K [0x00000000c1200000, 0x00000000c3080000, 0x00000000eb100000)
  object space 31232K, 47% used [0x00000000c1200000,0x00000000c2057fc8,0x00000000c3080000)
 Metaspace       used 23982K, capacity 24664K, committed 24832K, reserved 1071104K
  class space    used 3041K, capacity 3241K, committed 3328K, reserved 1048576K
Event: 83.351 GC heap after
Heap after GC invocations=136 (full 1):
 PSYoungGen      total 19456K, used 2560K [0x00000000eb100000, 0x00000000eca00000, 0x0000000100000000)
  eden space 13312K, 0% used [0x00000000eb100000,0x00000000eb100000,0x00000000ebe00000)
  from space 6144K, 41% used [0x00000000ebe00000,0x00000000ec080020,0x00000000ec400000)
  to   space 6144K, 0% used [0x00000000ec400000,0x00000000ec400000,0x00000000eca00000)
 ParOldGen       total 31232K, used 14687K [0x00000000c1200000, 0x00000000c3080000, 0x00000000eb100000)
  object space 31232K, 47% used [0x00000000c1200000,0x00000000c2057fc8,0x00000000c3080000)
 Metaspace       used 23982K, capacity 24664K, committed 24832K, reserved 1071104K
  class space    used 3041K, capacity 3241K, committed 3328K, reserved 1048576K
}
Event: 83.767 GC heap before
{Heap before GC invocations=137 (full 1):
 PSYoungGen      total 19456K, used 14871K [0x00000000eb100000, 0x00000000eca00000, 0x0000000100000000)
  eden space 13312K, 92% used [0x00000000eb100000,0x00000000ebd05c08,0x00000000ebe00000)
  from space 6144K, 41% used [0x00000000ebe00000,0x00000000ec080020,0x00000000ec400000)
  to   space 6144K, 0% used [0x00000000ec400000,0x00000000ec400000,0x00000000eca00000)
 ParOldGen       total 31232K, used 14687K [0x00000000c1200000, 0x00000000c3080000, 0x00000000eb100000)
  object space 31232K, 47% used [0x00000000c1200000,0x00000000c2057fc8,0x00000000c3080000)
 Metaspace       used 23982K, capacity 24664K, committed 24832K, reserved 1071104K
  class space    used 3041K, capacity 3241K, committed 3328K, reserved 1048576K
Event: 83.769 GC heap after
Heap after GC invocations=137 (full 1):
 PSYoungGen      total 18944K, used 4960K [0x00000000eb100000, 0x00000000ecb00000, 0x0000000100000000)
  eden space 12800K, 0% used [0x00000000eb100000,0x00000000eb100000,0x00000000ebd80000)
  from space 6144K, 80% used [0x00000000ec400000,0x00000000ec8d8040,0x00000000eca00000)
  to   space 6656K, 0% used [0x00000000ebd80000,0x00000000ebd80000,0x00000000ec400000)
 ParOldGen       total 31232K, used 14703K [0x00000000c1200000, 0x00000000c3080000, 0x00000000eb100000)
  object space 31232K, 47% used [0x00000000c1200000,0x00000000c205bfc8,0x00000000c3080000)
 Metaspace       used 23982K, capacity 24664K, committed 24832K, reserved 1071104K
  class space    used 3041K, capacity 3241K, committed 3328K, reserved 1048576K
}
Event: 84.184 GC heap before
{Heap before GC invocations=138 (full 1):
 PSYoungGen      total 18944K, used 17259K [0x00000000eb100000, 0x00000000ecb00000, 0x0000000100000000)
  eden space 12800K, 96% used [0x00000000eb100000,0x00000000ebd02c90,0x00000000ebd80000)
  from space 6144K, 80% used [0x00000000ec400000,0x00000000ec8d8040,0x00000000eca00000)
  to   space 6656K, 0% used [0x00000000ebd80000,0x00000000ebd80000,0x00000000ec400000)
 ParOldGen       total 31232K, used 14703K [0x00000000c1200000, 0x00000000c3080000, 0x00000000eb100000)
  object space 31232K, 47% used [0x00000000c1200000,0x00000000c205bfc8,0x00000000c3080000)
 Metaspace       used 23982K, capacity 24664K, committed 24832K, reserved 1071104K
  class space    used 3041K, capacity 3241K, committed 3328K, reserved 1048576K
Event: 84.186 GC heap after
Heap after GC invocations=138 (full 1):
 PSYoungGen      total 19456K, used 3760K [0x00000000eb100000, 0x00000000eca80000, 0x0000000100000000)
  eden space 12800K, 0% used [0x00000000eb100000,0x00000000eb100000,0x00000000ebd80000)
  from space 6656K, 56% used [0x00000000ebd80000,0x00000000ec12c030,0x00000000ec400000)
  to   space 6656K, 0% used [0x00000000ec400000,0x00000000ec400000,0x00000000eca80000)
 ParOldGen       total 31232K, used 14711K [0x00000000c1200000, 0x00000000c3080000, 0x00000000eb100000)
  object space 31232K, 47% used [0x00000000c1200000,0x00000000c205dfc8,0x00000000c3080000)
 Metaspace       used 23982K, capacity 24664K, committed 24832K, reserved 1071104K
  class space    used 3041K, capacity 3241K, committed 3328K, reserved 1048576K
}
Event: 84.601 GC heap before
{Heap before GC invocations=139 (full 1):
 PSYoungGen      total 19456K, used 16057K [0x00000000eb100000, 0x00000000eca80000, 0x0000000100000000)
  eden space 12800K, 96% used [0x00000000eb100000,0x00000000ebd024c0,0x00000000ebd80000)
  from space 6656K, 56% used [0x00000000ebd80000,0x00000000ec12c030,0x00000000ec400000)
  to   space 6656K, 0% used [0x00000000ec400000,0x00000000ec400000,0x00000000eca80000)
 ParOldGen       total 31232K, used 14711K [0x00000000c1200000, 0x00000000c3080000, 0x00000000eb100000)
  object space 31232K, 47% used [0x00000000c1200000,0x00000000c205dfc8,0x00000000c3080000)
 Metaspace       used 23982K, capacity 24664K, committed 24832K, reserved 1071104K
  class space    used 3041K, capacity 3241K, committed 3328K, reserved 1048576K
Event: 84.603 GC heap after
Heap after GC invocations=139 (full 1):
 PSYoungGen      total 18432K, used 3760K [0x00000000eb100000, 0x00000000ec980000, 0x0000000100000000)
  eden space 12800K, 0% used [0x00000000eb100000,0x00000000eb100000,0x00000000ebd80000)
  from space 5632K, 66% used [0x00000000ec400000,0x00000000ec7ac030,0x00000000ec980000)
  to   space 6144K, 0% used [0x00000000ebd80000,0x00000000ebd80000,0x00000000ec380000)
 ParOldGen       total 31232K, used 14711K [0x00000000c1200000, 0x00000000c3080000, 0x00000000eb100000)
  object space 31232K, 47% used [0x00000000c1200000,0x00000000c205dfc8,0x00000000c3080000)
 Metaspace       used 23982K, capacity 24664K, committed 24832K, reserved 1071104K
  class space    used 3041K, capacity 3241K, committed 3328K, reserved 1048576K
}
Event: 85.015 GC heap before
{Heap before GC invocations=140 (full 1):
 PSYoungGen      total 18432K, used 16100K [0x00000000eb100000, 0x00000000ec980000, 0x0000000100000000)
  eden space 12800K, 96% used [0x00000000eb100000,0x00000000ebd0d158,0x00000000ebd80000)
  from space 5632K, 66% used [0x00000000ec400000,0x00000000ec7ac030,0x00000000ec980000)
  to   space 6144K, 0% used [0x00000000ebd80000,0x00000000ebd80000,0x00000000ec380000)
 ParOldGen       total 31232K, used 14711K [0x00000000c1200000, 0x00000000c3080000, 0x00000000eb100000)
  object space 31232K, 47% used [0x00000000c1200000,0x00000000c205dfc8,0x00000000c3080000)
 Metaspace       used 23986K, capacity 24664K, committed 24832K, reserved 1071104K
  class space    used 3041K, capacity 3241K, committed 3328K, reserved 1048576K
Event: 85.016 GC heap after
Heap after GC invocations=140 (full 1):
 PSYoungGen      total 18944K, used 3760K [0x00000000eb100000, 0x00000000ec980000, 0x0000000100000000)
  eden space 12800K, 0% used [0x00000000eb100000,0x00000000eb100000,0x00000000ebd80000)
  from space 6144K, 61% used [0x00000000ebd80000,0x00000000ec12c030,0x00000000ec380000)
  to   space 6144K, 0% used [0x00000000ec380000,0x00000000ec380000,0x00000000ec980000)
 ParOldGen       total 31232K, used 14711K [0x00000000c1200000, 0x00000000c3080000, 0x00000000eb100000)
  object space 31232K, 47% used [0x00000000c1200000,0x00000000c205dfc8,0x00000000c3080000)
 Metaspace       used 23986K, capacity 24664K, committed 24832K, reserved 1071104K
  class space    used 3041K, capacity 3241K, committed 3328K, reserved 1048576K
}

